SF:lib\adapters\result_adapter.dart
DA:47,1
DA:49,0
DA:50,0
DA:58,2
DA:60,1
DA:61,3
DA:119,5
DA:134,0
DA:136,0
DA:137,0
DA:138,0
DA:160,5
DA:161,5
DA:162,5
DA:165,5
DA:166,4
DA:171,4
DA:172,4
DA:174,4
DA:175,0
DA:179,1
DA:181,1
DA:182,1
DA:184,0
DA:209,3
DA:211,9
DA:212,0
DA:215,3
DA:218,3
DA:219,6
DA:220,3
DA:221,2
DA:224,3
DA:225,3
DA:226,3
DA:230,6
DA:231,2
DA:235,6
DA:236,2
DA:241,3
DA:242,1
DA:245,3
DA:246,3
DA:247,0
DA:250,6
DA:251,0
DA:254,3
DA:255,2
DA:259,7
DA:260,1
DA:290,2
DA:291,2
DA:294,4
DA:295,4
DA:296,4
DA:297,4
DA:300,4
DA:303,2
DA:309,6
DA:310,2
DA:312,6
DA:313,2
DA:316,6
DA:317,4
DA:319,4
DA:329,6
DA:330,2
DA:332,6
DA:333,2
DA:336,6
DA:337,2
DA:340,6
DA:341,2
DA:344,6
DA:345,4
DA:349,2
DA:375,2
DA:376,6
DA:380,2
DA:381,2
DA:385,2
DA:386,2
DA:390,2
DA:391,6
LF:84
LH:73
end_of_record
SF:lib\adapters\evidence_resolver.dart
DA:53,1
DA:55,3
DA:59,1
DA:60,1
DA:65,1
DA:66,1
DA:71,1
DA:72,3
DA:76,1
DA:101,1
DA:103,3
DA:107,1
DA:108,1
DA:113,1
DA:114,1
DA:119,3
DA:123,1
DA:126,3
DA:131,3
DA:135,2
DA:136,2
DA:139,1
DA:143,1
LF:23
LH:23
end_of_record
SF:lib\services\session_manager.dart
DA:36,2
DA:38,4
DA:41,2
DA:42,2
DA:43,2
DA:44,2
DA:47,2
DA:48,4
DA:50,0
DA:52,0
DA:53,0
DA:60,0
DA:72,2
DA:73,2
DA:74,0
DA:76,2
DA:77,2
DA:78,0
DA:83,2
DA:86,3
DA:87,1
DA:88,3
DA:89,1
DA:91,0
DA:92,0
DA:93,0
DA:95,0
DA:98,2
DA:100,0
DA:105,6
DA:109,6
DA:110,2
DA:113,6
DA:114,2
DA:117,0
DA:118,0
DA:120,0
DA:121,0
DA:122,0
DA:124,0
DA:129,4
DA:131,0
DA:138,1
DA:139,1
DA:140,1
DA:141,0
DA:144,1
DA:147,3
DA:148,5
DA:149,0
DA:154,1
DA:158,0
DA:160,0
DA:163,0
DA:165,0
DA:167,0
DA:170,0
DA:181,2
DA:182,2
DA:183,6
DA:184,8
DA:185,6
DA:186,6
DA:187,8
DA:188,2
DA:192,2
DA:194,2
DA:195,2
LF:68
LH:42
end_of_record
SF:lib\services\event_bus.dart
DA:57,0
DA:59,0
DA:60,0
DA:67,3
DA:69,0
DA:70,0
DA:77,0
DA:79,0
DA:80,0
DA:101,5
DA:111,5
DA:112,5
DA:113,2
DA:116,5
DA:117,5
DA:118,2
DA:120,2
DA:122,2
DA:129,5
DA:130,5
DA:131,5
DA:133,5
DA:134,5
DA:135,5
DA:136,5
DA:139,15
DA:140,0
DA:145,5
DA:148,13
DA:149,4
DA:152,2
DA:153,5
DA:157,5
DA:160,5
DA:163,4
DA:164,8
DA:165,2
DA:166,4
DA:168,5
DA:170,0
DA:172,3
DA:173,3
DA:175,0
DA:177,3
DA:178,3
DA:182,3
DA:184,0
DA:186,3
DA:187,3
DA:192,0
DA:193,0
DA:194,0
DA:196,0
DA:198,0
DA:202,4
DA:203,0
DA:204,4
DA:205,3
DA:211,0
DA:212,0
DA:214,0
DA:216,0
DA:221,5
DA:222,1
DA:223,5
DA:227,5
DA:251,0
DA:266,0
DA:271,0
DA:272,0
DA:273,0
DA:276,0
DA:277,0
DA:280,0
DA:281,0
DA:282,0
DA:283,0
DA:285,0
DA:287,0
DA:290,0
DA:295,0
DA:296,0
DA:297,0
DA:298,0
DA:299,0
DA:300,0
DA:301,0
DA:303,0
DA:304,0
DA:309,0
DA:314,0
DA:315,0
DA:319,0
DA:320,0
DA:322,0
DA:323,0
DA:327,0
DA:330,0
DA:333,0
DA:334,0
DA:335,0
DA:336,0
DA:337,0
DA:339,0
DA:341,0
DA:343,0
DA:344,0
DA:346,0
DA:348,0
DA:349,0
DA:352,0
DA:354,0
DA:356,0
DA:358,0
DA:359,0
DA:362,0
DA:365,0
DA:366,0
DA:367,0
DA:369,0
DA:371,0
DA:374,0
DA:376,0
DA:377,0
DA:383,0
DA:384,0
DA:385,0
DA:386,0
DA:387,0
DA:388,0
DA:389,0
DA:390,0
DA:392,0
DA:398,0
DA:399,0
DA:401,0
DA:402,0
DA:404,0
DA:405,0
DA:406,0
DA:407,0
DA:410,0
DA:412,0
DA:415,0
DA:416,0
DA:418,0
DA:420,0
DA:425,0
DA:426,0
DA:427,0
DA:428,0
DA:429,0
DA:430,0
DA:434,0
DA:459,0
DA:471,0
DA:472,0
DA:473,0
DA:476,0
DA:477,0
DA:493,0
DA:498,0
DA:530,0
DA:531,0
DA:533,0
DA:535,0
DA:540,0
DA:541,0
DA:542,0
DA:543,0
DA:547,0
DA:555,5
DA:557,15
DA:558,0
DA:561,5
DA:565,5
DA:566,0
DA:570,5
DA:571,15
DA:572,2
DA:574,12
DA:575,2
DA:580,5
DA:581,12
DA:582,0
DA:584,12
DA:585,1
DA:587,16
DA:588,0
DA:593,5
DA:594,9
DA:595,0
DA:597,3
DA:598,15
DA:599,1
DA:604,5
DA:605,3
DA:606,0
DA:608,3
DA:609,0
DA:614,5
DA:618,5
DA:619,5
DA:620,10
DA:621,0
DA:623,5
DA:624,10
DA:625,5
DA:627,5
DA:628,4
DA:629,2
DA:639,3
DA:647,3
DA:649,0
DA:651,3
DA:659,3
DA:662,3
DA:663,3
DA:671,0
DA:674,0
DA:677,0
DA:680,0
DA:682,0
DA:683,0
DA:685,0
DA:691,0
DA:694,0
DA:695,0
DA:703,3
DA:704,3
DA:705,9
DA:706,12
DA:707,9
DA:708,9
DA:709,12
DA:710,3
LF:236
LH:90
end_of_record
SF:lib\ui\app_shell.dart
DA:24,7
DA:35,7
DA:37,7
DA:39,7
DA:41,7
DA:42,3
DA:43,9
DA:44,3
DA:49,7
DA:52,7
DA:53,6
DA:54,6
DA:55,6
DA:59,7
DA:62,7
DA:66,3
DA:69,3
DA:70,1
DA:73,1
DA:76,3
DA:77,2
DA:80,2
DA:83,3
DA:84,3
DA:87,3
DA:101,4
DA:109,4
DA:111,4
DA:112,4
DA:113,4
DA:115,4
DA:116,4
DA:126,5
DA:132,5
DA:134,5
DA:136,5
DA:137,5
DA:147,1
DA:153,1
DA:155,1
DA:157,1
DA:159,1
DA:161,1
DA:162,1
DA:163,2
DA:165,2
DA:166,1
DA:167,1
DA:168,1
DA:169,3
DA:170,2
DA:185,6
DA:190,6
DA:192,6
DA:194,6
DA:196,6
DA:197,6
DA:198,6
DA:204,6
DA:206,6
DA:207,6
DA:212,6
DA:217,6
DA:227,6
DA:232,12
DA:237,6
DA:240,6
DA:243,6
DA:247,0
DA:250,6
DA:251,6
DA:252,9
DA:254,6
DA:257,6
DA:259,6
DA:261,6
DA:265,12
LF:77
LH:76
end_of_record
SF:lib\theme\spacing.dart
DA:9,0
DA:57,0
DA:88,0
LF:3
LH:0
end_of_record
SF:lib\theme\colors.dart
DA:9,0
DA:35,0
DA:53,2
DA:54,2
DA:67,4
DA:68,4
LF:6
LH:4
end_of_record
SF:lib\theme\theme.dart
DA:15,2
DA:16,2
DA:17,4
DA:19,2
DA:26,2
DA:27,2
DA:28,2
DA:31,4
DA:32,2
DA:38,2
DA:39,2
DA:41,2
DA:48,2
DA:49,2
DA:50,2
DA:51,2
DA:57,2
DA:61,2
DA:66,2
DA:67,2
DA:68,2
DA:75,2
DA:76,2
DA:77,2
DA:83,2
DA:86,2
DA:87,2
DA:94,2
DA:96,2
DA:101,2
DA:103,4
DA:105,2
DA:107,4
DA:109,2
DA:111,4
DA:113,2
DA:115,4
DA:117,2
DA:119,4
DA:124,2
DA:125,2
DA:127,2
DA:130,4
DA:131,2
DA:133,4
DA:134,2
DA:139,2
DA:141,2
DA:145,2
DA:146,2
DA:150,2
DA:151,2
DA:152,2
DA:154,2
DA:160,2
DA:161,2
DA:162,2
DA:165,2
DA:171,2
DA:172,2
DA:178,2
DA:179,2
DA:180,0
DA:181,0
DA:183,0
DA:185,2
DA:186,0
DA:187,0
DA:189,0
DA:194,2
DA:199,4
DA:200,4
DA:201,8
DA:203,4
DA:210,4
DA:211,4
DA:212,4
DA:215,8
DA:216,4
DA:222,4
DA:223,4
DA:225,4
DA:232,4
DA:233,4
DA:234,4
DA:235,4
DA:241,4
DA:245,4
DA:250,4
DA:251,4
DA:252,4
DA:259,4
DA:260,4
DA:261,4
DA:267,4
DA:270,4
DA:271,4
DA:278,4
DA:280,4
DA:285,4
DA:287,8
DA:289,4
DA:291,8
DA:293,4
DA:295,8
DA:297,4
DA:299,8
DA:301,4
DA:303,8
DA:308,4
DA:309,4
DA:311,4
DA:314,8
DA:315,4
DA:317,8
DA:318,4
DA:323,4
DA:325,4
DA:329,4
DA:330,4
DA:334,4
DA:335,4
DA:336,4
DA:338,4
DA:344,4
DA:345,4
DA:346,4
DA:349,4
DA:355,4
DA:356,4
DA:362,4
DA:363,4
DA:364,0
DA:365,0
DA:367,0
DA:369,4
DA:370,0
DA:371,0
DA:373,0
DA:378,4
LF:140
LH:128
end_of_record
SF:lib\theme\typography.dart
DA:9,0
DA:87,4
DA:88,4
DA:90,4
DA:91,4
DA:95,4
DA:101,4
DA:102,4
DA:106,4
DA:109,4
DA:114,4
DA:115,4
DA:121,4
DA:125,4
DA:129,4
DA:135,4
DA:136,4
DA:140,4
LF:18
LH:17
end_of_record
SF:lib\services\config_sync.dart
DA:49,1
DA:51,1
DA:52,2
DA:118,3
DA:122,3
DA:125,3
DA:126,1
DA:127,1
DA:132,1
DA:133,1
DA:135,1
DA:136,0
DA:140,1
DA:141,1
DA:142,1
DA:143,2
DA:145,0
DA:146,0
DA:170,2
DA:177,2
DA:180,2
DA:181,2
DA:183,0
DA:184,0
DA:185,0
DA:187,0
DA:192,2
DA:195,2
DA:198,4
DA:202,2
DA:203,2
DA:204,4
DA:205,4
DA:207,0
DA:230,1
DA:234,1
DA:235,1
DA:238,2
DA:241,1
DA:242,1
DA:243,2
DA:244,2
DA:246,0
DA:275,0
DA:292,2
DA:296,2
DA:298,4
DA:299,2
DA:300,4
DA:301,2
DA:303,2
DA:304,1
DA:305,1
DA:309,4
DA:317,1
DA:318,2
DA:322,2
DA:323,2
DA:325,4
DA:326,4
DA:327,6
DA:328,4
DA:329,0
DA:331,4
DA:339,2
DA:341,2
DA:345,2
DA:346,6
DA:350,0
DA:351,2
DA:352,8
DA:353,0
DA:355,2
DA:356,0
DA:358,2
DA:363,2
DA:364,6
DA:368,0
DA:369,2
DA:370,8
DA:371,0
DA:373,2
DA:374,0
DA:376,2
DA:380,2
DA:381,2
DA:382,4
DA:383,4
DA:385,0
DA:386,0
DA:391,2
DA:392,2
DA:393,4
DA:394,4
DA:396,0
DA:397,0
DA:402,2
DA:403,4
DA:405,2
DA:406,2
DA:407,0
DA:408,0
DA:414,6
DA:415,2
DA:418,2
DA:419,4
DA:421,2
DA:422,4
DA:423,0
DA:425,2
DA:426,0
DA:428,2
DA:433,6
DA:434,0
DA:439,6
DA:440,2
DA:441,2
DA:442,0
DA:444,2
DA:445,4
DA:446,4
DA:448,0
DA:449,0
DA:458,2
DA:459,2
DA:462,4
DA:463,2
DA:464,4
DA:469,4
DA:470,2
DA:471,0
LF:131
LH:101
end_of_record
SF:lib\ui\pages\camera_page.dart
DA:24,4
DA:26,3
DA:27,3
DA:56,3
DA:58,3
DA:59,3
DA:63,0
DA:65,0
DA:67,0
DA:68,0
DA:69,0
DA:70,0
DA:71,0
DA:72,0
DA:73,0
DA:74,0
DA:75,0
DA:76,0
DA:77,0
DA:78,0
DA:83,0
DA:84,0
DA:87,0
DA:88,0
DA:92,0
DA:94,0
DA:99,0
DA:101,0
DA:117,0
DA:118,0
DA:119,0
DA:120,0
DA:121,0
DA:123,0
DA:124,0
DA:125,0
DA:129,0
DA:130,0
DA:131,0
DA:136,0
DA:137,0
DA:140,0
DA:143,0
DA:144,0
DA:145,0
DA:146,0
DA:150,0
DA:151,0
DA:152,0
DA:153,0
DA:157,0
DA:158,0
DA:159,0
DA:160,0
DA:161,0
DA:162,0
DA:164,0
DA:165,0
DA:166,0
DA:167,0
DA:168,0
DA:172,0
DA:173,0
DA:176,0
DA:177,0
DA:180,0
DA:181,0
DA:182,0
DA:183,0
DA:185,0
DA:188,0
DA:189,0
DA:190,0
DA:191,0
DA:197,0
DA:198,0
DA:199,0
DA:201,0
DA:202,0
DA:203,0
DA:204,0
DA:206,0
DA:207,0
DA:208,0
DA:209,0
DA:215,0
DA:216,0
DA:217,0
DA:218,0
DA:223,0
DA:224,0
DA:225,0
DA:231,0
DA:232,0
DA:233,0
DA:235,0
DA:238,0
DA:239,0
DA:240,0
DA:242,0
DA:243,0
DA:244,0
DA:245,0
DA:246,0
DA:247,0
DA:249,0
DA:250,0
DA:252,0
DA:257,0
DA:258,0
DA:259,0
DA:260,0
DA:261,0
DA:262,0
DA:267,0
DA:268,0
DA:272,0
DA:273,0
DA:274,0
DA:275,0
DA:276,0
DA:277,0
DA:281,3
DA:283,3
DA:286,3
DA:288,3
DA:289,3
DA:291,3
DA:293,3
DA:297,3
DA:298,3
DA:300,3
DA:305,3
DA:310,3
DA:317,3
DA:329,3
DA:330,3
DA:331,3
DA:332,3
DA:334,3
DA:343,3
DA:345,3
DA:358,3
DA:360,3
DA:362,3
DA:364,3
DA:368,3
DA:370,3
DA:371,3
DA:372,3
DA:373,3
DA:379,3
DA:381,3
DA:382,3
DA:383,3
DA:384,3
DA:386,3
DA:388,3
DA:389,3
DA:395,3
DA:396,3
DA:400,3
DA:405,3
DA:406,3
DA:407,3
DA:425,3
DA:427,3
DA:429,3
DA:431,3
DA:435,3
DA:437,3
DA:438,3
DA:439,3
DA:440,3
DA:446,3
DA:448,3
DA:449,3
DA:450,3
DA:451,3
DA:453,3
DA:454,3
DA:460,3
DA:461,3
DA:465,3
DA:482,3
DA:483,3
DA:484,3
DA:487,0
DA:488,0
DA:489,0
DA:490,0
DA:492,0
DA:493,0
DA:495,0
DA:501,0
DA:503,0
DA:504,0
DA:505,0
DA:507,0
DA:508,0
DA:510,0
DA:511,0
DA:514,0
DA:515,0
DA:516,0
DA:517,0
DA:519,0
DA:520,0
DA:521,0
DA:523,0
DA:524,0
DA:525,0
DA:526,0
DA:537,0
DA:540,0
DA:541,0
DA:543,0
DA:544,0
DA:546,0
DA:547,0
DA:548,0
DA:549,0
DA:560,0
DA:564,0
DA:565,0
DA:566,0
DA:568,0
DA:569,0
DA:570,0
DA:571,0
DA:583,0
DA:586,0
DA:587,0
DA:588,0
DA:598,0
DA:599,0
DA:601,0
DA:602,0
DA:603,0
DA:604,0
DA:612,0
DA:613,0
DA:615,0
DA:617,0
DA:618,0
DA:629,0
DA:630,0
DA:632,0
DA:633,0
DA:634,0
DA:635,0
DA:637,0
DA:639,0
DA:640,0
DA:641,0
DA:642,0
DA:644,0
DA:645,0
DA:646,0
DA:655,0
DA:656,0
DA:657,0
DA:663,0
DA:665,0
DA:666,0
DA:678,0
DA:679,0
DA:680,0
DA:681,0
DA:682,0
DA:683,0
DA:684,0
DA:685,0
DA:693,0
DA:694,0
DA:695,0
DA:696,0
DA:698,0
DA:699,0
DA:701,0
LF:280
LH:71
end_of_record
SF:lib\ui\pages\result_popup_page.dart
DA:22,1
DA:27,1
DA:31,2
DA:42,2
DA:48,2
DA:49,2
DA:57,2
DA:59,2
DA:60,2
DA:64,2
DA:66,14
DA:70,3
DA:74,3
DA:77,0
DA:79,0
DA:80,0
DA:81,0
DA:82,0
DA:86,0
DA:87,0
DA:88,0
DA:93,2
DA:95,2
DA:97,0
DA:99,2
DA:101,0
DA:102,2
DA:106,2
DA:107,2
DA:108,2
DA:114,2
DA:115,2
DA:117,2
DA:121,2
DA:122,2
DA:123,2
DA:128,2
DA:129,2
DA:131,2
DA:133,2
DA:134,2
DA:138,2
DA:143,2
DA:148,2
DA:166,2
DA:172,6
DA:173,2
DA:175,2
DA:178,2
DA:180,2
DA:181,2
DA:182,2
DA:183,2
DA:190,2
DA:191,1
DA:192,0
DA:193,1
DA:195,0
DA:200,0
DA:201,0
DA:202,0
DA:204,0
DA:205,0
DA:208,0
DA:211,0
DA:213,0
DA:214,0
DA:224,0
DA:226,0
DA:227,0
DA:229,0
DA:230,0
DA:232,0
DA:233,0
DA:239,0
DA:241,0
DA:248,0
DA:249,0
DA:250,0
DA:257,0
DA:259,0
DA:260,0
DA:271,2
DA:272,6
DA:273,2
DA:275,2
DA:276,2
DA:277,2
DA:278,0
DA:281,0
DA:282,0
DA:283,0
DA:286,0
DA:291,2
DA:292,2
DA:295,2
DA:302,2
DA:303,2
DA:305,2
DA:306,8
DA:308,8
DA:310,8
DA:316,2
DA:320,2
DA:322,2
DA:328,2
DA:329,6
DA:332,2
DA:334,2
DA:335,4
DA:336,2
DA:337,2
DA:338,2
DA:344,2
DA:346,2
DA:348,2
DA:350,2
DA:351,2
DA:353,6
DA:356,2
DA:365,2
DA:366,2
DA:367,6
DA:370,2
DA:386,2
DA:389,8
DA:390,14
DA:392,2
DA:394,2
DA:395,2
DA:396,2
DA:397,2
DA:398,2
DA:399,2
DA:406,2
DA:409,2
DA:411,2
DA:417,1
DA:420,1
DA:423,2
DA:430,2
DA:433,8
DA:435,8
DA:441,2
DA:443,2
DA:445,2
DA:447,2
DA:457,2
DA:458,8
DA:460,2
DA:471,2
DA:472,2
DA:473,2
DA:479,2
DA:480,8
DA:482,2
DA:495,1
DA:497,4
DA:499,7
DA:500,6
DA:505,1
DA:507,1
DA:508,1
DA:509,1
DA:510,1
DA:512,1
DA:513,1
DA:514,1
DA:516,1
DA:517,1
DA:519,1
DA:531,2
DA:532,2
DA:534,2
DA:535,2
DA:537,2
DA:547,6
DA:548,8
DA:551,6
DA:552,8
DA:555,6
DA:556,8
DA:559,6
DA:560,10
DA:563,6
DA:564,14
DA:570,2
DA:571,2
DA:573,2
DA:575,2
DA:576,2
DA:578,2
DA:579,2
DA:583,2
DA:585,2
LF:195
LH:154
end_of_record
SF:lib\ui\pages\home_page.dart
DA:17,3
DA:19,3
DA:21,3
DA:23,3
DA:27,3
DA:29,3
DA:30,3
DA:32,3
DA:33,3
DA:36,3
DA:37,3
DA:38,3
DA:39,3
DA:41,3
DA:42,3
DA:43,3
DA:56,3
DA:57,3
DA:58,1
DA:61,1
DA:79,1
DA:81,3
DA:82,3
DA:86,3
DA:87,3
DA:89,3
DA:91,3
DA:93,3
DA:94,3
DA:96,3
DA:101,3
DA:104,3
DA:106,9
LF:33
LH:33
end_of_record
SF:lib\ui\widgets\angle_line_chart.dart
DA:16,0
DA:24,0
DA:26,0
DA:27,0
DA:29,0
DA:31,0
DA:33,0
DA:34,0
DA:36,0
DA:41,0
DA:43,0
DA:45,0
DA:46,0
DA:47,0
DA:48,0
DA:61,0
DA:68,0
DA:69,0
DA:71,0
DA:72,0
DA:79,0
DA:80,0
DA:90,0
DA:91,0
DA:93,0
DA:94,0
DA:101,0
DA:104,0
DA:122,0
DA:132,0
DA:134,0
DA:137,0
DA:138,0
DA:139,0
DA:140,0
DA:142,0
DA:143,0
DA:144,0
DA:145,0
DA:147,0
DA:148,0
DA:149,0
DA:152,0
DA:153,0
DA:158,0
DA:159,0
DA:160,0
DA:162,0
DA:165,0
DA:166,0
DA:167,0
DA:168,0
DA:169,0
DA:170,0
DA:176,0
DA:177,0
DA:178,0
DA:179,0
DA:180,0
DA:182,0
DA:183,0
DA:185,0
DA:189,0
DA:192,0
DA:193,0
DA:194,0
DA:196,0
DA:197,0
DA:198,0
DA:199,0
DA:200,0
DA:204,0
DA:206,0
DA:207,0
DA:208,0
LF:75
LH:0
end_of_record
SF:lib\ui\widgets\evidence_frame_card.dart
DA:24,0
DA:33,0
DA:35,0
DA:38,0
DA:39,0
DA:40,0
DA:42,0
DA:43,0
DA:45,0
DA:47,0
DA:48,0
DA:49,0
DA:50,0
DA:52,0
DA:56,0
DA:62,0
DA:63,0
DA:64,0
DA:66,0
DA:67,0
DA:70,0
DA:75,0
DA:77,0
DA:79,0
DA:81,0
DA:83,0
DA:84,0
DA:85,0
DA:86,0
DA:88,0
DA:91,0
DA:98,0
DA:99,0
DA:100,0
DA:107,0
DA:108,0
DA:111,0
DA:127,0
DA:132,0
DA:133,0
DA:135,0
DA:136,0
DA:140,0
DA:143,0
DA:146,0
DA:147,0
DA:155,0
DA:156,0
DA:158,0
DA:160,0
DA:161,0
DA:163,0
DA:165,0
DA:166,0
DA:173,0
DA:175,0
DA:188,0
DA:190,0
DA:192,0
DA:194,0
DA:196,0
DA:201,0
DA:203,0
DA:205,0
DA:207,0
DA:209,0
DA:214,0
DA:216,0
DA:218,0
DA:220,0
DA:222,0
LF:71
LH:0
end_of_record
SF:lib\ui\pages\welcome_page.dart
DA:13,3
DA:15,3
DA:17,3
DA:19,3
DA:20,3
DA:21,3
DA:22,3
DA:24,3
DA:26,3
DA:29,6
DA:32,3
DA:35,3
DA:37,9
DA:38,6
DA:42,3
DA:45,3
DA:47,9
DA:48,6
DA:53,3
DA:56,3
DA:57,3
DA:58,3
DA:61,3
DA:74,3
DA:77,3
DA:78,1
DA:79,1
DA:82,1
LF:28
LH:28
end_of_record
SF:lib\ui\widgets\score_card.dart
DA:19,0
DA:27,0
DA:29,0
DA:32,0
DA:33,0
DA:35,0
DA:36,0
DA:38,0
DA:40,0
DA:42,0
DA:44,0
DA:45,0
DA:46,0
DA:48,0
DA:50,0
DA:53,0
DA:55,0
DA:56,0
DA:58,0
DA:59,0
DA:63,0
DA:66,0
DA:71,0
DA:73,0
DA:74,0
DA:75,0
DA:80,0
DA:82,0
DA:83,0
DA:86,0
DA:90,0
DA:91,0
DA:93,0
DA:102,0
DA:105,0
DA:114,0
DA:115,0
DA:116,0
DA:120,0
DA:121,0
DA:122,0
DA:126,0
DA:127,0
DA:129,0
DA:131,0
DA:132,0
DA:133,0
DA:138,0
DA:140,0
DA:141,0
DA:148,0
DA:150,0
DA:161,0
DA:166,0
DA:167,0
DA:168,0
DA:169,0
DA:170,0
DA:176,0
DA:178,0
DA:188,0
DA:189,0
DA:190,0
DA:191,0
DA:195,0
DA:196,0
DA:197,0
LF:67
LH:0
end_of_record
SF:lib\main.dart
DA:8,0
DA:11,4
DA:13,2
DA:15,2
DA:19,2
DA:23,2
DA:26,2
DA:27,2
DA:30,2
DA:33,2
DA:36,2
DA:44,2
DA:45,4
DA:47,2
DA:48,2
DA:52,2
DA:53,2
DA:55,2
DA:64,0
DA:65,0
DA:66,0
LF:21
LH:17
end_of_record
SF:lib\ui\pages\settings_page.dart
DA:16,2
DA:18,2
DA:19,2
DA:52,2
DA:54,4
DA:55,4
DA:56,4
DA:57,4
DA:58,2
DA:61,2
DA:63,2
DA:64,2
DA:68,2
DA:70,6
DA:72,2
DA:73,0
DA:75,0
DA:78,0
DA:79,0
DA:82,0
DA:83,0
DA:86,0
DA:87,0
DA:90,0
DA:91,0
DA:94,0
DA:95,0
DA:98,0
DA:99,0
DA:100,0
DA:101,0
DA:104,0
DA:105,0
DA:106,0
DA:109,0
DA:110,0
DA:111,0
DA:113,0
DA:114,0
DA:115,0
DA:118,0
DA:119,0
DA:121,0
DA:122,0
DA:123,0
DA:124,0
DA:133,0
DA:134,0
DA:137,0
DA:138,0
DA:148,0
DA:151,0
DA:152,0
DA:153,0
DA:154,0
DA:155,0
DA:156,0
DA:157,0
DA:158,0
DA:159,0
DA:161,0
DA:162,0
DA:164,0
DA:165,0
DA:169,0
DA:172,0
DA:175,0
DA:177,0
DA:178,0
DA:179,0
DA:182,0
DA:184,0
DA:185,0
DA:194,0
DA:195,0
DA:197,0
DA:198,0
DA:199,0
DA:200,0
DA:210,0
DA:211,0
DA:212,0
DA:213,0
DA:214,0
DA:215,0
DA:216,0
DA:217,0
DA:218,0
DA:219,0
DA:220,0
DA:221,0
DA:224,0
DA:225,0
DA:226,0
DA:227,0
DA:230,0
DA:239,0
DA:240,0
DA:243,0
DA:244,0
DA:245,0
DA:246,0
DA:247,0
DA:248,0
DA:249,0
DA:250,0
DA:251,0
DA:253,0
DA:254,0
DA:259,0
DA:260,0
DA:261,0
DA:262,0
DA:263,0
DA:265,0
DA:266,0
DA:267,0
DA:268,0
DA:272,0
DA:273,0
DA:274,0
DA:275,0
DA:277,0
DA:279,0
DA:280,0
DA:281,0
DA:283,0
DA:290,0
DA:291,0
DA:292,0
DA:293,0
DA:295,0
DA:297,0
DA:298,0
DA:299,0
DA:301,0
DA:308,0
DA:309,0
DA:310,0
DA:311,0
DA:313,0
DA:314,0
DA:315,0
DA:317,0
DA:324,0
DA:325,0
DA:326,0
DA:327,0
DA:329,0
DA:331,0
DA:332,0
DA:333,0
DA:335,0
DA:342,0
DA:344,0
DA:346,0
DA:347,0
DA:355,0
DA:357,0
DA:358,0
DA:359,0
DA:360,0
DA:369,0
DA:371,0
DA:373,0
DA:375,0
DA:377,0
DA:385,0
DA:387,0
DA:389,0
DA:391,0
DA:393,0
DA:401,0
DA:402,0
DA:403,0
DA:405,0
DA:407,0
DA:409,0
DA:417,0
DA:419,0
DA:421,0
DA:423,0
DA:425,0
DA:432,2
DA:434,2
DA:436,2
DA:439,2
DA:441,2
DA:443,0
DA:444,0
DA:445,0
DA:447,0
DA:448,0
DA:451,0
DA:453,0
DA:456,0
DA:458,0
DA:461,0
DA:463,0
DA:466,0
DA:468,0
DA:471,0
DA:473,0
DA:476,0
DA:478,0
DA:481,0
DA:482,0
DA:484,0
DA:485,0
DA:487,0
DA:488,0
DA:490,0
DA:491,0
DA:499,0
DA:502,0
DA:504,0
DA:506,0
DA:507,0
DA:510,0
DA:514,0
DA:529,0
DA:532,0
DA:534,0
DA:536,0
DA:537,0
DA:540,0
DA:543,0
DA:545,0
DA:546,0
DA:554,0
DA:564,0
DA:565,0
DA:566,0
DA:570,0
DA:571,0
DA:573,0
DA:574,0
DA:576,0
DA:581,0
DA:584,0
DA:585,0
DA:586,0
DA:587,0
DA:589,0
DA:590,0
DA:591,0
DA:592,0
DA:593,0
DA:598,0
DA:599,0
DA:600,0
DA:602,0
DA:603,0
DA:604,0
DA:605,0
DA:606,0
DA:619,0
DA:620,0
DA:621,0
DA:625,0
DA:626,0
DA:628,0
DA:629,0
DA:631,0
DA:636,0
DA:639,0
DA:641,0
DA:642,0
DA:643,0
DA:644,0
DA:645,0
DA:650,0
DA:653,0
DA:655,0
DA:656,0
DA:657,0
DA:658,0
DA:659,0
DA:664,0
DA:667,0
DA:669,0
DA:670,0
DA:671,0
DA:672,0
DA:673,0
DA:678,0
DA:681,0
DA:683,0
DA:684,0
DA:685,0
DA:686,0
DA:687,0
DA:697,0
DA:698,0
DA:699,0
DA:703,0
DA:704,0
DA:706,0
DA:707,0
DA:709,0
DA:714,0
DA:717,0
DA:719,0
DA:721,0
DA:722,0
DA:725,0
DA:726,0
DA:727,0
DA:729,0
DA:730,0
DA:731,0
DA:735,0
DA:738,0
DA:740,0
DA:742,0
DA:743,0
DA:746,0
DA:747,0
DA:748,0
DA:750,0
DA:751,0
DA:752,0
DA:756,0
DA:759,0
DA:761,0
DA:762,0
DA:763,0
DA:766,0
DA:767,0
DA:768,0
DA:770,0
DA:771,0
DA:772,0
DA:781,0
DA:782,0
DA:783,0
DA:787,0
DA:788,0
DA:790,0
DA:791,0
DA:793,0
DA:798,0
DA:801,0
DA:803,0
DA:804,0
DA:805,0
DA:807,0
DA:812,0
DA:814,0
DA:815,0
DA:816,0
DA:817,0
DA:818,0
DA:825,0
DA:828,0
DA:830,0
DA:831,0
DA:832,0
DA:834,0
DA:839,0
DA:841,0
DA:842,0
DA:843,0
DA:844,0
DA:845,0
DA:852,0
DA:855,0
DA:857,0
DA:859,0
DA:860,0
DA:863,0
DA:864,0
DA:865,0
DA:867,0
DA:868,0
DA:869,0
DA:873,0
DA:876,0
DA:878,0
DA:880,0
DA:881,0
DA:884,0
DA:897,0
DA:898,0
DA:899,0
DA:903,0
DA:904,0
DA:906,0
DA:907,0
DA:909,0
DA:914,0
DA:916,0
DA:918,0
DA:923,0
DA:926,0
DA:928,0
DA:929,0
DA:930,0
DA:931,0
DA:932,0
DA:937,0
DA:940,0
DA:942,0
DA:943,0
DA:944,0
DA:945,0
DA:946,0
DA:951,0
DA:954,0
DA:956,0
DA:957,0
DA:958,0
DA:959,0
DA:960,0
DA:965,0
DA:968,0
DA:970,0
DA:971,0
DA:972,0
DA:973,0
DA:974,0
DA:984,0
DA:989,0
DA:992,0
DA:993,0
DA:996,0
DA:999,0
DA:1004,0
DA:1005,0
DA:1007,0
DA:1019,0
DA:1024,0
DA:1026,0
DA:1027,0
DA:1028,0
DA:1031,0
DA:1033,0
DA:1039,0
DA:1040,0
DA:1043,0
DA:1051,0
DA:1052,0
DA:1054,0
DA:1066,0
DA:1067,0
DA:1069,0
DA:1070,0
DA:1072,0
DA:1073,0
DA:1075,0
DA:1077,0
DA:1078,0
DA:1081,0
DA:1084,0
DA:1087,0
DA:1088,0
DA:1090,0
DA:1091,0
DA:1093,0
DA:1095,0
DA:1096,0
DA:1098,0
DA:1099,0
DA:1107,0
DA:1108,0
LF:465
LH:20
end_of_record
